<?xml version="1.0" encoding="UTF-8"?>
<!-- Generated by org.testng.reporters.JUnitXMLReporter -->
<testsuite ignored="0" hostname="elihle" failures="0" tests="5" name="Default test" time="59.705" errors="0" timestamp="2025-08-21T17:52:46 SAST">
  <testcase classname="com.orangehrm.tests.PIMAddEmployeeTest" name="@BeforeClass setup" time="59.067">
    <failure type="com.microsoft.playwright.TimeoutError" message="Error {
  message=&amp;apos;Timeout 30000ms exceeded.
=========================== logs ===========================
waiting for selector &amp;quot;a[href=&amp;apos;/web/index.php/pim/viewPimModule&amp;apos;]&amp;quot;
============================================================
  name=&amp;apos;TimeoutError
  stack=&amp;apos;TimeoutError: Timeout 30000ms exceeded.
=========================== logs ===========================
waiting for selector &amp;quot;a[href=&amp;apos;/web/index.php/pim/viewPimModule&amp;apos;]&amp;quot;
============================================================
    at ProgressController.run (C:\Users\USER\AppData\Local\Temp\playwright-java-8176286395018285041\package\lib\server\progress.js:96:26)
    at Frame.click (C:\Users\USER\AppData\Local\Temp\playwright-java-8176286395018285041\package\lib\server\frames.js:1078:23)
    at FrameDispatcher.click (C:\Users\USER\AppData\Local\Temp\playwright-java-8176286395018285041\package\lib\dispatchers\frameDispatcher.js:159:30)
    at DispatcherConnection.dispatch (C:\Users\USER\AppData\Local\Temp\playwright-java-8176286395018285041\package\lib\dispatchers\dispatcher.js:352:46)
}">
      <![CDATA[com.microsoft.playwright.TimeoutError: Error {
  message='Timeout 30000ms exceeded.
=========================== logs ===========================
waiting for selector "a[href='/web/index.php/pim/viewPimModule']"
============================================================
  name='TimeoutError
  stack='TimeoutError: Timeout 30000ms exceeded.
=========================== logs ===========================
waiting for selector "a[href='/web/index.php/pim/viewPimModule']"
============================================================
    at ProgressController.run (C:\Users\USER\AppData\Local\Temp\playwright-java-8176286395018285041\package\lib\server\progress.js:96:26)
    at Frame.click (C:\Users\USER\AppData\Local\Temp\playwright-java-8176286395018285041\package\lib\server\frames.js:1078:23)
    at FrameDispatcher.click (C:\Users\USER\AppData\Local\Temp\playwright-java-8176286395018285041\package\lib\dispatchers\frameDispatcher.js:159:30)
    at DispatcherConnection.dispatch (C:\Users\USER\AppData\Local\Temp\playwright-java-8176286395018285041\package\lib\dispatchers\dispatcher.js:352:46)
}
at com.microsoft.playwright.impl.WaitableResult.get(WaitableResult.java:52)
at com.microsoft.playwright.impl.ChannelOwner.runUntil(ChannelOwner.java:103)
at com.microsoft.playwright.impl.Connection.sendMessage(Connection.java:115)
at com.microsoft.playwright.impl.ChannelOwner.sendMessage(ChannelOwner.java:94)
at com.microsoft.playwright.impl.FrameImpl.clickImpl(FrameImpl.java:255)
at com.microsoft.playwright.impl.FrameImpl.lambda$click$9(FrameImpl.java:246)
at com.microsoft.playwright.impl.LoggingSupport.lambda$withLogging$0(LoggingSupport.java:36)
at com.microsoft.playwright.impl.LoggingSupport.withLogging(LoggingSupport.java:47)
at com.microsoft.playwright.impl.ChannelOwner.withLogging(ChannelOwner.java:79)
at com.microsoft.playwright.impl.LoggingSupport.withLogging(LoggingSupport.java:35)
at com.microsoft.playwright.impl.FrameImpl.click(FrameImpl.java:246)
at com.microsoft.playwright.impl.LocatorImpl.click(LocatorImpl.java:75)
at com.microsoft.playwright.Locator.click(Locator.java:1507)
at com.orangehrm.pages.dashboard.OrangeHRMDashBoardPage.clickPIMLink(OrangeHRMDashBoardPage.java:50)
at com.orangehrm.tests.PIMAddEmployeeTest.setup(PIMAddEmployeeTest.java:37)
at java.base/jdk.internal.reflect.DirectMethodHandleAccessor.invoke(DirectMethodHandleAccessor.java:103)
at java.base/java.lang.reflect.Method.invoke(Method.java:580)
at org.testng.internal.invokers.MethodInvocationHelper.invokeMethod(MethodInvocationHelper.java:135)
at org.testng.internal.invokers.MethodInvocationHelper.invokeMethodConsideringTimeout(MethodInvocationHelper.java:65)
at org.testng.internal.invokers.ConfigInvoker.invokeConfigurationMethod(ConfigInvoker.java:381)
at org.testng.internal.invokers.ConfigInvoker.invokeConfigurations(ConfigInvoker.java:319)
at org.testng.internal.invokers.TestMethodWorker.invokeBeforeClassMethods(TestMethodWorker.java:178)
at org.testng.internal.invokers.TestMethodWorker.run(TestMethodWorker.java:122)
at java.base/java.util.ArrayList.forEach(ArrayList.java:1596)
at org.testng.TestRunner.privateRun(TestRunner.java:808)
at org.testng.TestRunner.run(TestRunner.java:603)
at org.testng.SuiteRunner.runTest(SuiteRunner.java:429)
at org.testng.SuiteRunner.runSequentially(SuiteRunner.java:423)
at org.testng.SuiteRunner.privateRun(SuiteRunner.java:383)
at org.testng.SuiteRunner.run(SuiteRunner.java:326)
at org.testng.SuiteRunnerWorker.runSuite(SuiteRunnerWorker.java:52)
at org.testng.SuiteRunnerWorker.run(SuiteRunnerWorker.java:95)
at org.testng.TestNG.runSuitesSequentially(TestNG.java:1249)
at org.testng.TestNG.runSuitesLocally(TestNG.java:1169)
at org.testng.TestNG.runSuites(TestNG.java:1092)
at org.testng.TestNG.run(TestNG.java:1060)
at org.testng.remote.AbstractRemoteTestNG.run(AbstractRemoteTestNG.java:115)
at org.testng.remote.RemoteTestNG.initAndRun(RemoteTestNG.java:293)
at org.testng.remote.RemoteTestNG.main(RemoteTestNG.java:91)
Caused by: com.microsoft.playwright.TimeoutError: Error {
  message='Timeout 30000ms exceeded.
=========================== logs ===========================
waiting for selector "a[href='/web/index.php/pim/viewPimModule']"
============================================================
  name='TimeoutError
  stack='TimeoutError: Timeout 30000ms exceeded.
=========================== logs ===========================
waiting for selector "a[href='/web/index.php/pim/viewPimModule']"
============================================================
    at ProgressController.run (C:\Users\USER\AppData\Local\Temp\playwright-java-8176286395018285041\package\lib\server\progress.js:96:26)
    at Frame.click (C:\Users\USER\AppData\Local\Temp\playwright-java-8176286395018285041\package\lib\server\frames.js:1078:23)
    at FrameDispatcher.click (C:\Users\USER\AppData\Local\Temp\playwright-java-8176286395018285041\package\lib\dispatchers\frameDispatcher.js:159:30)
    at DispatcherConnection.dispatch (C:\Users\USER\AppData\Local\Temp\playwright-java-8176286395018285041\package\lib\dispatchers\dispatcher.js:352:46)
}
at com.microsoft.playwright.impl.Connection.dispatch(Connection.java:226)
at com.microsoft.playwright.impl.Connection.processOneMessage(Connection.java:208)
at com.microsoft.playwright.impl.ChannelOwner.runUntil(ChannelOwner.java:101)
... 37 more
]]>
    </failure>
  </testcase> <!-- @BeforeClass setup -->
  <testcase classname="com.orangehrm.tests.PIMAddEmployeeTest" name="verifyViewEmployeePageURL" time="0.0">
    <skipped/>
  </testcase> <!-- verifyViewEmployeePageURL -->
  <testcase classname="com.orangehrm.tests.PIMAddEmployeeTest" name="verifyViewEmployeePageHeaderText" time="0.0">
    <skipped/>
  </testcase> <!-- verifyViewEmployeePageHeaderText -->
  <testcase classname="com.orangehrm.tests.PIMAddEmployeeTest" name="verifyAddEmployeePageURL" time="0.0">
    <skipped/>
  </testcase> <!-- verifyAddEmployeePageURL -->
  <testcase classname="com.orangehrm.tests.PIMAddEmployeeTest" name="verifyAddEmployeeHeaderText" time="0.0">
    <skipped/>
  </testcase> <!-- verifyAddEmployeeHeaderText -->
  <testcase classname="com.orangehrm.tests.PIMAddEmployeeTest" name="verifyAddedEmployeeHeaderText" time="0.0">
    <skipped/>
  </testcase> <!-- verifyAddedEmployeeHeaderText -->
</testsuite> <!-- Default test -->
