<?xml version="1.0" encoding="UTF-8"?>
<testsuite name="Default test"
           tests="6"
           failures="1"
           errors="0"
           skipped="5"
           time="50.049">
    <properties></properties>

            <testcase
                name="setup"
                time="50.043"
                classname="com.orangehrm.tests.PIMAddEmployeeTest">

            <failure type="com.microsoft.playwright.TimeoutError" message="Error {
  message=&apos;Timeout 30000ms exceeded.
=========================== logs ===========================
navigating to &quot;https://opensource-demo.orangehrmlive.com/web/index.php/auth/login&quot;, waiting until &quot;networkidle&quot;
============================================================
  name=&apos;TimeoutError
  stack=&apos;TimeoutError: Timeout 30000ms exceeded.
=========================== logs ===========================
navigating to &quot;https://opensource-demo.orangehrmlive.com/web/index.php/auth/login&quot;, waiting until &quot;networkidle&quot;
============================================================
    at ProgressController.run (C:\Users\USER\AppData\Local\Temp\playwright-java-15041017842603725125\package\lib\server\progress.js:96:26)
    at Frame.goto (C:\Users\USER\AppData\Local\Temp\playwright-java-15041017842603725125\package\lib\server\frames.js:628:23)
    at FrameDispatcher.goto (C:\Users\USER\AppData\Local\Temp\playwright-java-15041017842603725125\package\lib\dispatchers\frameDispatcher.js:79:77)
    at DispatcherConnection.dispatch (C:\Users\USER\AppData\Local\Temp\playwright-java-15041017842603725125\package\lib\dispatchers\dispatcher.js:352:46)
}">
                <![CDATA[com.microsoft.playwright.TimeoutError: Error {
  message='Timeout 30000ms exceeded.
=========================== logs ===========================
navigating to "https://opensource-demo.orangehrmlive.com/web/index.php/auth/login", waiting until "networkidle"
============================================================
  name='TimeoutError
  stack='TimeoutError: Timeout 30000ms exceeded.
=========================== logs ===========================
navigating to "https://opensource-demo.orangehrmlive.com/web/index.php/auth/login", waiting until "networkidle"
============================================================
    at ProgressController.run (C:\Users\USER\AppData\Local\Temp\playwright-java-15041017842603725125\package\lib\server\progress.js:96:26)
    at Frame.goto (C:\Users\USER\AppData\Local\Temp\playwright-java-15041017842603725125\package\lib\server\frames.js:628:23)
    at FrameDispatcher.goto (C:\Users\USER\AppData\Local\Temp\playwright-java-15041017842603725125\package\lib\dispatchers\frameDispatcher.js:79:77)
    at DispatcherConnection.dispatch (C:\Users\USER\AppData\Local\Temp\playwright-java-15041017842603725125\package\lib\dispatchers\dispatcher.js:352:46)
}
                com.microsoft.playwright.impl.WaitableResult.get(WaitableResult.java:52)com.microsoft.playwright.impl.ChannelOwner.runUntil(ChannelOwner.java:103)com.microsoft.playwright.impl.Connection.sendMessage(Connection.java:115)com.microsoft.playwright.impl.ChannelOwner.sendMessage(ChannelOwner.java:94)com.microsoft.playwright.impl.FrameImpl.navigateImpl(FrameImpl.java:401)com.microsoft.playwright.impl.PageImpl.lambda$navigate$32(PageImpl.java:802)com.microsoft.playwright.impl.LoggingSupport.withLogging(LoggingSupport.java:47)com.microsoft.playwright.impl.ChannelOwner.withLogging(ChannelOwner.java:79)com.microsoft.playwright.impl.PageImpl.navigate(PageImpl.java:801)com.microsoft.playwright.impl.PageImpl.navigate(PageImpl.java:41)com.orangehrm.base.BaseTest.launchApplication(BaseTest.java:83)com.orangehrm.tests.PIMAddEmployeeTest.setup(PIMAddEmployeeTest.java:37)java.base/jdk.internal.reflect.DirectMethodHandleAccessor.invoke(DirectMethodHandleAccessor.java:103)java.base/java.lang.reflect.Method.invoke(Method.java:580)org.testng.internal.invokers.MethodInvocationHelper.invokeMethod(MethodInvocationHelper.java:135)org.testng.internal.invokers.MethodInvocationHelper.invokeMethodConsideringTimeout(MethodInvocationHelper.java:65)org.testng.internal.invokers.ConfigInvoker.invokeConfigurationMethod(ConfigInvoker.java:381)org.testng.internal.invokers.ConfigInvoker.invokeConfigurations(ConfigInvoker.java:319)org.testng.internal.invokers.TestMethodWorker.invokeBeforeClassMethods(TestMethodWorker.java:178)org.testng.internal.invokers.TestMethodWorker.run(TestMethodWorker.java:122)java.base/java.util.ArrayList.forEach(ArrayList.java:1596)org.testng.TestRunner.privateRun(TestRunner.java:808)org.testng.TestRunner.run(TestRunner.java:603)org.testng.SuiteRunner.runTest(SuiteRunner.java:429)org.testng.SuiteRunner.runSequentially(SuiteRunner.java:423)org.testng.SuiteRunner.privateRun(SuiteRunner.java:383)org.testng.SuiteRunner.run(SuiteRunner.java:326)org.testng.SuiteRunnerWorker.runSuite(SuiteRunnerWorker.java:52)org.testng.SuiteRunnerWorker.run(SuiteRunnerWorker.java:95)org.testng.TestNG.runSuitesSequentially(TestNG.java:1249)org.testng.TestNG.runSuitesLocally(TestNG.java:1169)org.testng.TestNG.runSuites(TestNG.java:1092)org.testng.TestNG.run(TestNG.java:1060)org.testng.remote.AbstractRemoteTestNG.run(AbstractRemoteTestNG.java:115)org.testng.remote.RemoteTestNG.initAndRun(RemoteTestNG.java:293)org.testng.remote.RemoteTestNG.main(RemoteTestNG.java:91)
                    Caused by: com.microsoft.playwright.TimeoutError: Error {
  message='Timeout 30000ms exceeded.
=========================== logs ===========================
navigating to "https://opensource-demo.orangehrmlive.com/web/index.php/auth/login", waiting until "networkidle"
============================================================
  name='TimeoutError
  stack='TimeoutError: Timeout 30000ms exceeded.
=========================== logs ===========================
navigating to "https://opensource-demo.orangehrmlive.com/web/index.php/auth/login", waiting until "networkidle"
============================================================
    at ProgressController.run (C:\Users\USER\AppData\Local\Temp\playwright-java-15041017842603725125\package\lib\server\progress.js:96:26)
    at Frame.goto (C:\Users\USER\AppData\Local\Temp\playwright-java-15041017842603725125\package\lib\server\frames.js:628:23)
    at FrameDispatcher.goto (C:\Users\USER\AppData\Local\Temp\playwright-java-15041017842603725125\package\lib\dispatchers\frameDispatcher.js:79:77)
    at DispatcherConnection.dispatch (C:\Users\USER\AppData\Local\Temp\playwright-java-15041017842603725125\package\lib\dispatchers\dispatcher.js:352:46)
}
                    com.microsoft.playwright.impl.Connection.dispatch(Connection.java:226)com.microsoft.playwright.impl.Connection.processOneMessage(Connection.java:208)com.microsoft.playwright.impl.ChannelOwner.runUntil(ChannelOwner.java:101)com.microsoft.playwright.impl.Connection.sendMessage(Connection.java:115)com.microsoft.playwright.impl.ChannelOwner.sendMessage(ChannelOwner.java:94)com.microsoft.playwright.impl.FrameImpl.navigateImpl(FrameImpl.java:401)com.microsoft.playwright.impl.PageImpl.lambda$navigate$32(PageImpl.java:802)com.microsoft.playwright.impl.LoggingSupport.withLogging(LoggingSupport.java:47)com.microsoft.playwright.impl.ChannelOwner.withLogging(ChannelOwner.java:79)com.microsoft.playwright.impl.PageImpl.navigate(PageImpl.java:801)com.microsoft.playwright.impl.PageImpl.navigate(PageImpl.java:41)com.orangehrm.base.BaseTest.launchApplication(BaseTest.java:83)com.orangehrm.tests.PIMAddEmployeeTest.setup(PIMAddEmployeeTest.java:37)java.base/jdk.internal.reflect.DirectMethodHandleAccessor.invoke(DirectMethodHandleAccessor.java:103)java.base/java.lang.reflect.Method.invoke(Method.java:580)org.testng.internal.invokers.MethodInvocationHelper.invokeMethod(MethodInvocationHelper.java:135)org.testng.internal.invokers.MethodInvocationHelper.invokeMethodConsideringTimeout(MethodInvocationHelper.java:65)org.testng.internal.invokers.ConfigInvoker.invokeConfigurationMethod(ConfigInvoker.java:381)org.testng.internal.invokers.ConfigInvoker.invokeConfigurations(ConfigInvoker.java:319)org.testng.internal.invokers.TestMethodWorker.invokeBeforeClassMethods(TestMethodWorker.java:178)org.testng.internal.invokers.TestMethodWorker.run(TestMethodWorker.java:122)java.base/java.util.ArrayList.forEach(ArrayList.java:1596)org.testng.TestRunner.privateRun(TestRunner.java:808)org.testng.TestRunner.run(TestRunner.java:603)org.testng.SuiteRunner.runTest(SuiteRunner.java:429)org.testng.SuiteRunner.runSequentially(SuiteRunner.java:423)org.testng.SuiteRunner.privateRun(SuiteRunner.java:383)org.testng.SuiteRunner.run(SuiteRunner.java:326)org.testng.SuiteRunnerWorker.runSuite(SuiteRunnerWorker.java:52)org.testng.SuiteRunnerWorker.run(SuiteRunnerWorker.java:95)org.testng.TestNG.runSuitesSequentially(TestNG.java:1249)org.testng.TestNG.runSuitesLocally(TestNG.java:1169)org.testng.TestNG.runSuites(TestNG.java:1092)org.testng.TestNG.run(TestNG.java:1060)org.testng.remote.AbstractRemoteTestNG.run(AbstractRemoteTestNG.java:115)org.testng.remote.RemoteTestNG.initAndRun(RemoteTestNG.java:293)org.testng.remote.RemoteTestNG.main(RemoteTestNG.java:91)
                ]]>
            </failure>
    </testcase>

            <testcase
                name="verifyViewEmployeePageHeaderText"
                time="0.0"
                classname="com.orangehrm.tests.PIMAddEmployeeTest">
            </testcase>
            <testcase
                name="verifyAddEmployeePageURL"
                time="0.0"
                classname="com.orangehrm.tests.PIMAddEmployeeTest">
            </testcase>
            <testcase
                name="verifyAddEmployeeHeaderText"
                time="0.0"
                classname="com.orangehrm.tests.PIMAddEmployeeTest">
            </testcase>
            <testcase
                name="verifyViewEmployeePageURL"
                time="0.0"
                classname="com.orangehrm.tests.PIMAddEmployeeTest">
            </testcase>
            <testcase
                name="verifyAddedEmployeeHeaderText"
                time="0.0"
                classname="com.orangehrm.tests.PIMAddEmployeeTest">
            </testcase>

</testsuite>
