<?xml version="1.0" encoding="UTF-8"?>
<testsuite name="Default test"
           tests="6"
           failures="1"
           errors="0"
           skipped="0"
           time="46.286">
    <properties></properties>

            <testcase
                name="AddEmployeeContactDetails"
                time="34.877"
                classname="com.orangehrm.tests.PIMAddEmployeeTest">

            <failure type="com.microsoft.playwright.TimeoutError" message="Error {
  message=&apos;Timeout 30000ms exceeded.
=========================== logs ===========================
waiting for selector &quot;//button[text()=&apos;Save&apos;]&quot;
============================================================
  name=&apos;TimeoutError
  stack=&apos;TimeoutError: Timeout 30000ms exceeded.
=========================== logs ===========================
waiting for selector &quot;//button[text()=&apos;Save&apos;]&quot;
============================================================
    at ProgressController.run (C:\Users\USER\AppData\Local\Temp\playwright-java-3466594536723856560\package\lib\server\progress.js:96:26)
    at Frame.click (C:\Users\USER\AppData\Local\Temp\playwright-java-3466594536723856560\package\lib\server\frames.js:1078:23)
    at FrameDispatcher.click (C:\Users\USER\AppData\Local\Temp\playwright-java-3466594536723856560\package\lib\dispatchers\frameDispatcher.js:159:30)
    at DispatcherConnection.dispatch (C:\Users\USER\AppData\Local\Temp\playwright-java-3466594536723856560\package\lib\dispatchers\dispatcher.js:352:46)
}">
                <![CDATA[com.microsoft.playwright.TimeoutError: Error {
  message='Timeout 30000ms exceeded.
=========================== logs ===========================
waiting for selector "//button[text()='Save']"
============================================================
  name='TimeoutError
  stack='TimeoutError: Timeout 30000ms exceeded.
=========================== logs ===========================
waiting for selector "//button[text()='Save']"
============================================================
    at ProgressController.run (C:\Users\USER\AppData\Local\Temp\playwright-java-3466594536723856560\package\lib\server\progress.js:96:26)
    at Frame.click (C:\Users\USER\AppData\Local\Temp\playwright-java-3466594536723856560\package\lib\server\frames.js:1078:23)
    at FrameDispatcher.click (C:\Users\USER\AppData\Local\Temp\playwright-java-3466594536723856560\package\lib\dispatchers\frameDispatcher.js:159:30)
    at DispatcherConnection.dispatch (C:\Users\USER\AppData\Local\Temp\playwright-java-3466594536723856560\package\lib\dispatchers\dispatcher.js:352:46)
}
                com.microsoft.playwright.impl.WaitableResult.get(WaitableResult.java:52)com.microsoft.playwright.impl.ChannelOwner.runUntil(ChannelOwner.java:103)com.microsoft.playwright.impl.Connection.sendMessage(Connection.java:115)com.microsoft.playwright.impl.ChannelOwner.sendMessage(ChannelOwner.java:94)com.microsoft.playwright.impl.FrameImpl.clickImpl(FrameImpl.java:255)com.microsoft.playwright.impl.FrameImpl.lambda$click$9(FrameImpl.java:246)com.microsoft.playwright.impl.LoggingSupport.lambda$withLogging$0(LoggingSupport.java:36)com.microsoft.playwright.impl.LoggingSupport.withLogging(LoggingSupport.java:47)com.microsoft.playwright.impl.ChannelOwner.withLogging(ChannelOwner.java:79)com.microsoft.playwright.impl.LoggingSupport.withLogging(LoggingSupport.java:35)com.microsoft.playwright.impl.FrameImpl.click(FrameImpl.java:246)com.microsoft.playwright.impl.LocatorImpl.click(LocatorImpl.java:75)com.microsoft.playwright.Locator.click(Locator.java:1507)com.orangehrm.pim.employeelist.EmployeeListPage.fillContactDetails(EmployeeListPage.java:47)com.orangehrm.tests.PIMAddEmployeeTest.AddEmployeeContactDetails(PIMAddEmployeeTest.java:110)java.base/jdk.internal.reflect.DirectMethodHandleAccessor.invoke(DirectMethodHandleAccessor.java:103)java.base/java.lang.reflect.Method.invoke(Method.java:580)org.testng.internal.invokers.MethodInvocationHelper.invokeMethod(MethodInvocationHelper.java:135)org.testng.internal.invokers.MethodInvocationHelper.invokeMethodConsideringTimeout(MethodInvocationHelper.java:65)org.testng.internal.invokers.ConfigInvoker.invokeConfigurationMethod(ConfigInvoker.java:381)org.testng.internal.invokers.ConfigInvoker.invokeConfigurations(ConfigInvoker.java:319)org.testng.internal.invokers.ConfigInvoker.invokeAfterGroupsConfigurations(ConfigInvoker.java:216)org.testng.internal.invokers.TestInvoker.runAfterGroupsConfigurations(TestInvoker.java:784)org.testng.internal.invokers.TestInvoker.invokeMethod(TestInvoker.java:750)org.testng.internal.invokers.TestInvoker.invokeTestMethod(TestInvoker.java:220)org.testng.internal.invokers.MethodRunner.runInSequence(MethodRunner.java:50)org.testng.internal.invokers.TestInvoker$MethodInvocationAgent.invoke(TestInvoker.java:945)org.testng.internal.invokers.TestInvoker.invokeTestMethods(TestInvoker.java:193)org.testng.internal.invokers.TestMethodWorker.invokeTestMethods(TestMethodWorker.java:146)org.testng.internal.invokers.TestMethodWorker.run(TestMethodWorker.java:128)java.base/java.util.ArrayList.forEach(ArrayList.java:1596)org.testng.TestRunner.privateRun(TestRunner.java:808)org.testng.TestRunner.run(TestRunner.java:603)org.testng.SuiteRunner.runTest(SuiteRunner.java:429)org.testng.SuiteRunner.runSequentially(SuiteRunner.java:423)org.testng.SuiteRunner.privateRun(SuiteRunner.java:383)org.testng.SuiteRunner.run(SuiteRunner.java:326)org.testng.SuiteRunnerWorker.runSuite(SuiteRunnerWorker.java:52)org.testng.SuiteRunnerWorker.run(SuiteRunnerWorker.java:95)org.testng.TestNG.runSuitesSequentially(TestNG.java:1249)org.testng.TestNG.runSuitesLocally(TestNG.java:1169)org.testng.TestNG.runSuites(TestNG.java:1092)org.testng.TestNG.run(TestNG.java:1060)org.testng.remote.AbstractRemoteTestNG.run(AbstractRemoteTestNG.java:115)org.testng.remote.RemoteTestNG.initAndRun(RemoteTestNG.java:293)org.testng.remote.RemoteTestNG.main(RemoteTestNG.java:91)
                    Caused by: com.microsoft.playwright.TimeoutError: Error {
  message='Timeout 30000ms exceeded.
=========================== logs ===========================
waiting for selector "//button[text()='Save']"
============================================================
  name='TimeoutError
  stack='TimeoutError: Timeout 30000ms exceeded.
=========================== logs ===========================
waiting for selector "//button[text()='Save']"
============================================================
    at ProgressController.run (C:\Users\USER\AppData\Local\Temp\playwright-java-3466594536723856560\package\lib\server\progress.js:96:26)
    at Frame.click (C:\Users\USER\AppData\Local\Temp\playwright-java-3466594536723856560\package\lib\server\frames.js:1078:23)
    at FrameDispatcher.click (C:\Users\USER\AppData\Local\Temp\playwright-java-3466594536723856560\package\lib\dispatchers\frameDispatcher.js:159:30)
    at DispatcherConnection.dispatch (C:\Users\USER\AppData\Local\Temp\playwright-java-3466594536723856560\package\lib\dispatchers\dispatcher.js:352:46)
}
                    com.microsoft.playwright.impl.Connection.dispatch(Connection.java:226)com.microsoft.playwright.impl.Connection.processOneMessage(Connection.java:208)com.microsoft.playwright.impl.ChannelOwner.runUntil(ChannelOwner.java:101)com.microsoft.playwright.impl.Connection.sendMessage(Connection.java:115)com.microsoft.playwright.impl.ChannelOwner.sendMessage(ChannelOwner.java:94)com.microsoft.playwright.impl.FrameImpl.clickImpl(FrameImpl.java:255)com.microsoft.playwright.impl.FrameImpl.lambda$click$9(FrameImpl.java:246)com.microsoft.playwright.impl.LoggingSupport.lambda$withLogging$0(LoggingSupport.java:36)com.microsoft.playwright.impl.LoggingSupport.withLogging(LoggingSupport.java:47)com.microsoft.playwright.impl.ChannelOwner.withLogging(ChannelOwner.java:79)com.microsoft.playwright.impl.LoggingSupport.withLogging(LoggingSupport.java:35)com.microsoft.playwright.impl.FrameImpl.click(FrameImpl.java:246)com.microsoft.playwright.impl.LocatorImpl.click(LocatorImpl.java:75)com.microsoft.playwright.Locator.click(Locator.java:1507)com.orangehrm.pim.employeelist.EmployeeListPage.fillContactDetails(EmployeeListPage.java:47)com.orangehrm.tests.PIMAddEmployeeTest.AddEmployeeContactDetails(PIMAddEmployeeTest.java:110)java.base/jdk.internal.reflect.DirectMethodHandleAccessor.invoke(DirectMethodHandleAccessor.java:103)java.base/java.lang.reflect.Method.invoke(Method.java:580)org.testng.internal.invokers.MethodInvocationHelper.invokeMethod(MethodInvocationHelper.java:135)org.testng.internal.invokers.MethodInvocationHelper.invokeMethodConsideringTimeout(MethodInvocationHelper.java:65)org.testng.internal.invokers.ConfigInvoker.invokeConfigurationMethod(ConfigInvoker.java:381)org.testng.internal.invokers.ConfigInvoker.invokeConfigurations(ConfigInvoker.java:319)org.testng.internal.invokers.ConfigInvoker.invokeAfterGroupsConfigurations(ConfigInvoker.java:216)org.testng.internal.invokers.TestInvoker.runAfterGroupsConfigurations(TestInvoker.java:784)org.testng.internal.invokers.TestInvoker.invokeMethod(TestInvoker.java:750)org.testng.internal.invokers.TestInvoker.invokeTestMethod(TestInvoker.java:220)org.testng.internal.invokers.MethodRunner.runInSequence(MethodRunner.java:50)org.testng.internal.invokers.TestInvoker$MethodInvocationAgent.invoke(TestInvoker.java:945)org.testng.internal.invokers.TestInvoker.invokeTestMethods(TestInvoker.java:193)org.testng.internal.invokers.TestMethodWorker.invokeTestMethods(TestMethodWorker.java:146)org.testng.internal.invokers.TestMethodWorker.run(TestMethodWorker.java:128)java.base/java.util.ArrayList.forEach(ArrayList.java:1596)org.testng.TestRunner.privateRun(TestRunner.java:808)org.testng.TestRunner.run(TestRunner.java:603)org.testng.SuiteRunner.runTest(SuiteRunner.java:429)org.testng.SuiteRunner.runSequentially(SuiteRunner.java:423)org.testng.SuiteRunner.privateRun(SuiteRunner.java:383)org.testng.SuiteRunner.run(SuiteRunner.java:326)org.testng.SuiteRunnerWorker.runSuite(SuiteRunnerWorker.java:52)org.testng.SuiteRunnerWorker.run(SuiteRunnerWorker.java:95)org.testng.TestNG.runSuitesSequentially(TestNG.java:1249)org.testng.TestNG.runSuitesLocally(TestNG.java:1169)org.testng.TestNG.runSuites(TestNG.java:1092)org.testng.TestNG.run(TestNG.java:1060)org.testng.remote.AbstractRemoteTestNG.run(AbstractRemoteTestNG.java:115)org.testng.remote.RemoteTestNG.initAndRun(RemoteTestNG.java:293)org.testng.remote.RemoteTestNG.main(RemoteTestNG.java:91)
                ]]>
            </failure>
    </testcase>


            <testcase
                name="verifyAddEmployeeHeaderText"
                time="2.213"
                classname="com.orangehrm.tests.PIMAddEmployeeTest">
            </testcase>
            <testcase
                name="verifyViewEmployeePageHeaderText"
                time="1.288"
                classname="com.orangehrm.tests.PIMAddEmployeeTest">
            </testcase>
            <testcase
                name="verifyAddEmployeePageURL"
                time="0.003"
                classname="com.orangehrm.tests.PIMAddEmployeeTest">
            </testcase>
            <testcase
                name="verifyAddedEmployeeHeaderText"
                time="7.619"
                classname="com.orangehrm.tests.PIMAddEmployeeTest">
            </testcase>
            <testcase
                name="verifyViewEmployeePageURL"
                time="0.286"
                classname="com.orangehrm.tests.PIMAddEmployeeTest">
            </testcase>
</testsuite>
