<?xml version="1.0" encoding="UTF-8"?>
<testng-results ignored="0" total="5" passed="0" failed="0" skipped="5">
  <reporter-output>
  </reporter-output>
  <suite started-at="2025-08-22T20:53:45 SAST" name="Default suite" finished-at="2025-08-22T20:54:35 SAST" duration-ms="50573">
    <groups>
      <group name="Click Add Button">
        <method signature="PIMAddEmployeeTest.verifyAddEmployeePageURL()[pri:3, instance:com.orangehrm.tests.PIMAddEmployeeTest@1d8bd0de]" name="verifyAddEmployeePageURL" class="com.orangehrm.tests.PIMAddEmployeeTest"/>
        <method signature="PIMAddEmployeeTest.verifyAddEmployeeHeaderText()[pri:4, instance:com.orangehrm.tests.PIMAddEmployeeTest@1d8bd0de]" name="verifyAddEmployeeHeaderText" class="com.orangehrm.tests.PIMAddEmployeeTest"/>
      </group> <!-- Click Add Button -->
      <group name="Add Employee Details">
        <method signature="PIMAddEmployeeTest.verifyAddedEmployeeHeaderText()[pri:5, instance:com.orangehrm.tests.PIMAddEmployeeTest@1d8bd0de]" name="verifyAddedEmployeeHeaderText" class="com.orangehrm.tests.PIMAddEmployeeTest"/>
      </group> <!-- Add Employee Details -->
      <group name="Before Add PIM Employee">
        <method signature="PIMAddEmployeeTest.verifyViewEmployeePageURL()[pri:1, instance:com.orangehrm.tests.PIMAddEmployeeTest@1d8bd0de]" name="verifyViewEmployeePageURL" class="com.orangehrm.tests.PIMAddEmployeeTest"/>
        <method signature="PIMAddEmployeeTest.verifyViewEmployeePageHeaderText()[pri:2, instance:com.orangehrm.tests.PIMAddEmployeeTest@1d8bd0de]" name="verifyViewEmployeePageHeaderText" class="com.orangehrm.tests.PIMAddEmployeeTest"/>
      </group> <!-- Before Add PIM Employee -->
    </groups>
    <test started-at="2025-08-22T20:53:45 SAST" name="Default test" finished-at="2025-08-22T20:54:35 SAST" duration-ms="50573">
      <class name="com.orangehrm.tests.PIMAddEmployeeTest">
        <test-method is-config="true" signature="setup()[pri:0, instance:com.orangehrm.tests.PIMAddEmployeeTest@1d8bd0de]" started-at="2025-08-22T20:53:45 SAST" name="setup" finished-at="2025-08-22T20:54:35 SAST" duration-ms="50043" status="FAIL">
          <exception class="com.microsoft.playwright.TimeoutError">
            <message>
              <![CDATA[Error {
  message='Timeout 30000ms exceeded.
=========================== logs ===========================
navigating to "https://opensource-demo.orangehrmlive.com/web/index.php/auth/login", waiting until "networkidle"
============================================================
  name='TimeoutError
  stack='TimeoutError: Timeout 30000ms exceeded.
=========================== logs ===========================
navigating to "https://opensource-demo.orangehrmlive.com/web/index.php/auth/login", waiting until "networkidle"
============================================================
    at ProgressController.run (C:\Users\USER\AppData\Local\Temp\playwright-java-15041017842603725125\package\lib\server\progress.js:96:26)
    at Frame.goto (C:\Users\USER\AppData\Local\Temp\playwright-java-15041017842603725125\package\lib\server\frames.js:628:23)
    at FrameDispatcher.goto (C:\Users\USER\AppData\Local\Temp\playwright-java-15041017842603725125\package\lib\dispatchers\frameDispatcher.js:79:77)
    at DispatcherConnection.dispatch (C:\Users\USER\AppData\Local\Temp\playwright-java-15041017842603725125\package\lib\dispatchers\dispatcher.js:352:46)
}]]>
            </message>
            <full-stacktrace>
              <![CDATA[com.microsoft.playwright.TimeoutError: Error {
  message='Timeout 30000ms exceeded.
=========================== logs ===========================
navigating to "https://opensource-demo.orangehrmlive.com/web/index.php/auth/login", waiting until "networkidle"
============================================================
  name='TimeoutError
  stack='TimeoutError: Timeout 30000ms exceeded.
=========================== logs ===========================
navigating to "https://opensource-demo.orangehrmlive.com/web/index.php/auth/login", waiting until "networkidle"
============================================================
    at ProgressController.run (C:\Users\USER\AppData\Local\Temp\playwright-java-15041017842603725125\package\lib\server\progress.js:96:26)
    at Frame.goto (C:\Users\USER\AppData\Local\Temp\playwright-java-15041017842603725125\package\lib\server\frames.js:628:23)
    at FrameDispatcher.goto (C:\Users\USER\AppData\Local\Temp\playwright-java-15041017842603725125\package\lib\dispatchers\frameDispatcher.js:79:77)
    at DispatcherConnection.dispatch (C:\Users\USER\AppData\Local\Temp\playwright-java-15041017842603725125\package\lib\dispatchers\dispatcher.js:352:46)
}
at com.microsoft.playwright.impl.WaitableResult.get(WaitableResult.java:52)
at com.microsoft.playwright.impl.ChannelOwner.runUntil(ChannelOwner.java:103)
at com.microsoft.playwright.impl.Connection.sendMessage(Connection.java:115)
at com.microsoft.playwright.impl.ChannelOwner.sendMessage(ChannelOwner.java:94)
at com.microsoft.playwright.impl.FrameImpl.navigateImpl(FrameImpl.java:401)
at com.microsoft.playwright.impl.PageImpl.lambda$navigate$32(PageImpl.java:802)
at com.microsoft.playwright.impl.LoggingSupport.withLogging(LoggingSupport.java:47)
at com.microsoft.playwright.impl.ChannelOwner.withLogging(ChannelOwner.java:79)
at com.microsoft.playwright.impl.PageImpl.navigate(PageImpl.java:801)
at com.microsoft.playwright.impl.PageImpl.navigate(PageImpl.java:41)
at com.orangehrm.base.BaseTest.launchApplication(BaseTest.java:83)
at com.orangehrm.tests.PIMAddEmployeeTest.setup(PIMAddEmployeeTest.java:37)
at java.base/jdk.internal.reflect.DirectMethodHandleAccessor.invoke(DirectMethodHandleAccessor.java:103)
at java.base/java.lang.reflect.Method.invoke(Method.java:580)
at org.testng.internal.invokers.MethodInvocationHelper.invokeMethod(MethodInvocationHelper.java:135)
at org.testng.internal.invokers.MethodInvocationHelper.invokeMethodConsideringTimeout(MethodInvocationHelper.java:65)
at org.testng.internal.invokers.ConfigInvoker.invokeConfigurationMethod(ConfigInvoker.java:381)
at org.testng.internal.invokers.ConfigInvoker.invokeConfigurations(ConfigInvoker.java:319)
at org.testng.internal.invokers.TestMethodWorker.invokeBeforeClassMethods(TestMethodWorker.java:178)
at org.testng.internal.invokers.TestMethodWorker.run(TestMethodWorker.java:122)
at java.base/java.util.ArrayList.forEach(ArrayList.java:1596)
at org.testng.TestRunner.privateRun(TestRunner.java:808)
at org.testng.TestRunner.run(TestRunner.java:603)
at org.testng.SuiteRunner.runTest(SuiteRunner.java:429)
at org.testng.SuiteRunner.runSequentially(SuiteRunner.java:423)
at org.testng.SuiteRunner.privateRun(SuiteRunner.java:383)
at org.testng.SuiteRunner.run(SuiteRunner.java:326)
at org.testng.SuiteRunnerWorker.runSuite(SuiteRunnerWorker.java:52)
at org.testng.SuiteRunnerWorker.run(SuiteRunnerWorker.java:95)
at org.testng.TestNG.runSuitesSequentially(TestNG.java:1249)
at org.testng.TestNG.runSuitesLocally(TestNG.java:1169)
at org.testng.TestNG.runSuites(TestNG.java:1092)
at org.testng.TestNG.run(TestNG.java:1060)
at org.testng.remote.AbstractRemoteTestNG.run(AbstractRemoteTestNG.java:115)
at org.testng.remote.RemoteTestNG.initAndRun(RemoteTestNG.java:293)
at org.testng.remote.RemoteTestNG.main(RemoteTestNG.java:91)
Caused by: com.microsoft.playwright.TimeoutError: Error {
  message='Timeout 30000ms exceeded.
=========================== logs ===========================
navigating to "https://opensource-demo.orangehrmlive.com/web/index.php/auth/login", waiting until "networkidle"
============================================================
  name='TimeoutError
  stack='TimeoutError: Timeout 30000ms exceeded.
=========================== logs ===========================
navigating to "https://opensource-demo.orangehrmlive.com/web/index.php/auth/login", waiting until "networkidle"
============================================================
    at ProgressController.run (C:\Users\USER\AppData\Local\Temp\playwright-java-15041017842603725125\package\lib\server\progress.js:96:26)
    at Frame.goto (C:\Users\USER\AppData\Local\Temp\playwright-java-15041017842603725125\package\lib\server\frames.js:628:23)
    at FrameDispatcher.goto (C:\Users\USER\AppData\Local\Temp\playwright-java-15041017842603725125\package\lib\dispatchers\frameDispatcher.js:79:77)
    at DispatcherConnection.dispatch (C:\Users\USER\AppData\Local\Temp\playwright-java-15041017842603725125\package\lib\dispatchers\dispatcher.js:352:46)
}
at com.microsoft.playwright.impl.Connection.dispatch(Connection.java:226)
at com.microsoft.playwright.impl.Connection.processOneMessage(Connection.java:208)
at com.microsoft.playwright.impl.ChannelOwner.runUntil(ChannelOwner.java:101)
... 34 more
]]>
            </full-stacktrace>
          </exception> <!-- com.microsoft.playwright.TimeoutError -->
          <reporter-output>
          </reporter-output>
        </test-method> <!-- setup -->
        <test-method signature="verifyViewEmployeePageURL()[pri:1, instance:com.orangehrm.tests.PIMAddEmployeeTest@1d8bd0de]" started-at="2025-08-22T20:54:35 SAST" name="verifyViewEmployeePageURL" finished-at="2025-08-22T20:54:35 SAST" duration-ms="0" status="SKIP">
          <exception class="com.microsoft.playwright.TimeoutError">
            <message>
              <![CDATA[Error {
  message='Timeout 30000ms exceeded.
=========================== logs ===========================
navigating to "https://opensource-demo.orangehrmlive.com/web/index.php/auth/login", waiting until "networkidle"
============================================================
  name='TimeoutError
  stack='TimeoutError: Timeout 30000ms exceeded.
=========================== logs ===========================
navigating to "https://opensource-demo.orangehrmlive.com/web/index.php/auth/login", waiting until "networkidle"
============================================================
    at ProgressController.run (C:\Users\USER\AppData\Local\Temp\playwright-java-15041017842603725125\package\lib\server\progress.js:96:26)
    at Frame.goto (C:\Users\USER\AppData\Local\Temp\playwright-java-15041017842603725125\package\lib\server\frames.js:628:23)
    at FrameDispatcher.goto (C:\Users\USER\AppData\Local\Temp\playwright-java-15041017842603725125\package\lib\dispatchers\frameDispatcher.js:79:77)
    at DispatcherConnection.dispatch (C:\Users\USER\AppData\Local\Temp\playwright-java-15041017842603725125\package\lib\dispatchers\dispatcher.js:352:46)
}]]>
            </message>
            <full-stacktrace>
              <![CDATA[com.microsoft.playwright.TimeoutError: Error {
  message='Timeout 30000ms exceeded.
=========================== logs ===========================
navigating to "https://opensource-demo.orangehrmlive.com/web/index.php/auth/login", waiting until "networkidle"
============================================================
  name='TimeoutError
  stack='TimeoutError: Timeout 30000ms exceeded.
=========================== logs ===========================
navigating to "https://opensource-demo.orangehrmlive.com/web/index.php/auth/login", waiting until "networkidle"
============================================================
    at ProgressController.run (C:\Users\USER\AppData\Local\Temp\playwright-java-15041017842603725125\package\lib\server\progress.js:96:26)
    at Frame.goto (C:\Users\USER\AppData\Local\Temp\playwright-java-15041017842603725125\package\lib\server\frames.js:628:23)
    at FrameDispatcher.goto (C:\Users\USER\AppData\Local\Temp\playwright-java-15041017842603725125\package\lib\dispatchers\frameDispatcher.js:79:77)
    at DispatcherConnection.dispatch (C:\Users\USER\AppData\Local\Temp\playwright-java-15041017842603725125\package\lib\dispatchers\dispatcher.js:352:46)
}
at com.microsoft.playwright.impl.WaitableResult.get(WaitableResult.java:52)
at com.microsoft.playwright.impl.ChannelOwner.runUntil(ChannelOwner.java:103)
at com.microsoft.playwright.impl.Connection.sendMessage(Connection.java:115)
at com.microsoft.playwright.impl.ChannelOwner.sendMessage(ChannelOwner.java:94)
at com.microsoft.playwright.impl.FrameImpl.navigateImpl(FrameImpl.java:401)
at com.microsoft.playwright.impl.PageImpl.lambda$navigate$32(PageImpl.java:802)
at com.microsoft.playwright.impl.LoggingSupport.withLogging(LoggingSupport.java:47)
at com.microsoft.playwright.impl.ChannelOwner.withLogging(ChannelOwner.java:79)
at com.microsoft.playwright.impl.PageImpl.navigate(PageImpl.java:801)
at com.microsoft.playwright.impl.PageImpl.navigate(PageImpl.java:41)
at com.orangehrm.base.BaseTest.launchApplication(BaseTest.java:83)
at com.orangehrm.tests.PIMAddEmployeeTest.setup(PIMAddEmployeeTest.java:37)
at java.base/jdk.internal.reflect.DirectMethodHandleAccessor.invoke(DirectMethodHandleAccessor.java:103)
at java.base/java.lang.reflect.Method.invoke(Method.java:580)
at org.testng.internal.invokers.MethodInvocationHelper.invokeMethod(MethodInvocationHelper.java:135)
at org.testng.internal.invokers.MethodInvocationHelper.invokeMethodConsideringTimeout(MethodInvocationHelper.java:65)
at org.testng.internal.invokers.ConfigInvoker.invokeConfigurationMethod(ConfigInvoker.java:381)
at org.testng.internal.invokers.ConfigInvoker.invokeConfigurations(ConfigInvoker.java:319)
at org.testng.internal.invokers.TestMethodWorker.invokeBeforeClassMethods(TestMethodWorker.java:178)
at org.testng.internal.invokers.TestMethodWorker.run(TestMethodWorker.java:122)
at java.base/java.util.ArrayList.forEach(ArrayList.java:1596)
at org.testng.TestRunner.privateRun(TestRunner.java:808)
at org.testng.TestRunner.run(TestRunner.java:603)
at org.testng.SuiteRunner.runTest(SuiteRunner.java:429)
at org.testng.SuiteRunner.runSequentially(SuiteRunner.java:423)
at org.testng.SuiteRunner.privateRun(SuiteRunner.java:383)
at org.testng.SuiteRunner.run(SuiteRunner.java:326)
at org.testng.SuiteRunnerWorker.runSuite(SuiteRunnerWorker.java:52)
at org.testng.SuiteRunnerWorker.run(SuiteRunnerWorker.java:95)
at org.testng.TestNG.runSuitesSequentially(TestNG.java:1249)
at org.testng.TestNG.runSuitesLocally(TestNG.java:1169)
at org.testng.TestNG.runSuites(TestNG.java:1092)
at org.testng.TestNG.run(TestNG.java:1060)
at org.testng.remote.AbstractRemoteTestNG.run(AbstractRemoteTestNG.java:115)
at org.testng.remote.RemoteTestNG.initAndRun(RemoteTestNG.java:293)
at org.testng.remote.RemoteTestNG.main(RemoteTestNG.java:91)
Caused by: com.microsoft.playwright.TimeoutError: Error {
  message='Timeout 30000ms exceeded.
=========================== logs ===========================
navigating to "https://opensource-demo.orangehrmlive.com/web/index.php/auth/login", waiting until "networkidle"
============================================================
  name='TimeoutError
  stack='TimeoutError: Timeout 30000ms exceeded.
=========================== logs ===========================
navigating to "https://opensource-demo.orangehrmlive.com/web/index.php/auth/login", waiting until "networkidle"
============================================================
    at ProgressController.run (C:\Users\USER\AppData\Local\Temp\playwright-java-15041017842603725125\package\lib\server\progress.js:96:26)
    at Frame.goto (C:\Users\USER\AppData\Local\Temp\playwright-java-15041017842603725125\package\lib\server\frames.js:628:23)
    at FrameDispatcher.goto (C:\Users\USER\AppData\Local\Temp\playwright-java-15041017842603725125\package\lib\dispatchers\frameDispatcher.js:79:77)
    at DispatcherConnection.dispatch (C:\Users\USER\AppData\Local\Temp\playwright-java-15041017842603725125\package\lib\dispatchers\dispatcher.js:352:46)
}
at com.microsoft.playwright.impl.Connection.dispatch(Connection.java:226)
at com.microsoft.playwright.impl.Connection.processOneMessage(Connection.java:208)
at com.microsoft.playwright.impl.ChannelOwner.runUntil(ChannelOwner.java:101)
... 34 more
]]>
            </full-stacktrace>
          </exception> <!-- com.microsoft.playwright.TimeoutError -->
          <reporter-output>
          </reporter-output>
        </test-method> <!-- verifyViewEmployeePageURL -->
        <test-method signature="verifyViewEmployeePageHeaderText()[pri:2, instance:com.orangehrm.tests.PIMAddEmployeeTest@1d8bd0de]" started-at="2025-08-22T20:54:35 SAST" name="verifyViewEmployeePageHeaderText" finished-at="2025-08-22T20:54:35 SAST" duration-ms="0" status="SKIP">
          <exception class="com.microsoft.playwright.TimeoutError">
            <message>
              <![CDATA[Error {
  message='Timeout 30000ms exceeded.
=========================== logs ===========================
navigating to "https://opensource-demo.orangehrmlive.com/web/index.php/auth/login", waiting until "networkidle"
============================================================
  name='TimeoutError
  stack='TimeoutError: Timeout 30000ms exceeded.
=========================== logs ===========================
navigating to "https://opensource-demo.orangehrmlive.com/web/index.php/auth/login", waiting until "networkidle"
============================================================
    at ProgressController.run (C:\Users\USER\AppData\Local\Temp\playwright-java-15041017842603725125\package\lib\server\progress.js:96:26)
    at Frame.goto (C:\Users\USER\AppData\Local\Temp\playwright-java-15041017842603725125\package\lib\server\frames.js:628:23)
    at FrameDispatcher.goto (C:\Users\USER\AppData\Local\Temp\playwright-java-15041017842603725125\package\lib\dispatchers\frameDispatcher.js:79:77)
    at DispatcherConnection.dispatch (C:\Users\USER\AppData\Local\Temp\playwright-java-15041017842603725125\package\lib\dispatchers\dispatcher.js:352:46)
}]]>
            </message>
            <full-stacktrace>
              <![CDATA[com.microsoft.playwright.TimeoutError: Error {
  message='Timeout 30000ms exceeded.
=========================== logs ===========================
navigating to "https://opensource-demo.orangehrmlive.com/web/index.php/auth/login", waiting until "networkidle"
============================================================
  name='TimeoutError
  stack='TimeoutError: Timeout 30000ms exceeded.
=========================== logs ===========================
navigating to "https://opensource-demo.orangehrmlive.com/web/index.php/auth/login", waiting until "networkidle"
============================================================
    at ProgressController.run (C:\Users\USER\AppData\Local\Temp\playwright-java-15041017842603725125\package\lib\server\progress.js:96:26)
    at Frame.goto (C:\Users\USER\AppData\Local\Temp\playwright-java-15041017842603725125\package\lib\server\frames.js:628:23)
    at FrameDispatcher.goto (C:\Users\USER\AppData\Local\Temp\playwright-java-15041017842603725125\package\lib\dispatchers\frameDispatcher.js:79:77)
    at DispatcherConnection.dispatch (C:\Users\USER\AppData\Local\Temp\playwright-java-15041017842603725125\package\lib\dispatchers\dispatcher.js:352:46)
}
at com.microsoft.playwright.impl.WaitableResult.get(WaitableResult.java:52)
at com.microsoft.playwright.impl.ChannelOwner.runUntil(ChannelOwner.java:103)
at com.microsoft.playwright.impl.Connection.sendMessage(Connection.java:115)
at com.microsoft.playwright.impl.ChannelOwner.sendMessage(ChannelOwner.java:94)
at com.microsoft.playwright.impl.FrameImpl.navigateImpl(FrameImpl.java:401)
at com.microsoft.playwright.impl.PageImpl.lambda$navigate$32(PageImpl.java:802)
at com.microsoft.playwright.impl.LoggingSupport.withLogging(LoggingSupport.java:47)
at com.microsoft.playwright.impl.ChannelOwner.withLogging(ChannelOwner.java:79)
at com.microsoft.playwright.impl.PageImpl.navigate(PageImpl.java:801)
at com.microsoft.playwright.impl.PageImpl.navigate(PageImpl.java:41)
at com.orangehrm.base.BaseTest.launchApplication(BaseTest.java:83)
at com.orangehrm.tests.PIMAddEmployeeTest.setup(PIMAddEmployeeTest.java:37)
at java.base/jdk.internal.reflect.DirectMethodHandleAccessor.invoke(DirectMethodHandleAccessor.java:103)
at java.base/java.lang.reflect.Method.invoke(Method.java:580)
at org.testng.internal.invokers.MethodInvocationHelper.invokeMethod(MethodInvocationHelper.java:135)
at org.testng.internal.invokers.MethodInvocationHelper.invokeMethodConsideringTimeout(MethodInvocationHelper.java:65)
at org.testng.internal.invokers.ConfigInvoker.invokeConfigurationMethod(ConfigInvoker.java:381)
at org.testng.internal.invokers.ConfigInvoker.invokeConfigurations(ConfigInvoker.java:319)
at org.testng.internal.invokers.TestMethodWorker.invokeBeforeClassMethods(TestMethodWorker.java:178)
at org.testng.internal.invokers.TestMethodWorker.run(TestMethodWorker.java:122)
at java.base/java.util.ArrayList.forEach(ArrayList.java:1596)
at org.testng.TestRunner.privateRun(TestRunner.java:808)
at org.testng.TestRunner.run(TestRunner.java:603)
at org.testng.SuiteRunner.runTest(SuiteRunner.java:429)
at org.testng.SuiteRunner.runSequentially(SuiteRunner.java:423)
at org.testng.SuiteRunner.privateRun(SuiteRunner.java:383)
at org.testng.SuiteRunner.run(SuiteRunner.java:326)
at org.testng.SuiteRunnerWorker.runSuite(SuiteRunnerWorker.java:52)
at org.testng.SuiteRunnerWorker.run(SuiteRunnerWorker.java:95)
at org.testng.TestNG.runSuitesSequentially(TestNG.java:1249)
at org.testng.TestNG.runSuitesLocally(TestNG.java:1169)
at org.testng.TestNG.runSuites(TestNG.java:1092)
at org.testng.TestNG.run(TestNG.java:1060)
at org.testng.remote.AbstractRemoteTestNG.run(AbstractRemoteTestNG.java:115)
at org.testng.remote.RemoteTestNG.initAndRun(RemoteTestNG.java:293)
at org.testng.remote.RemoteTestNG.main(RemoteTestNG.java:91)
Caused by: com.microsoft.playwright.TimeoutError: Error {
  message='Timeout 30000ms exceeded.
=========================== logs ===========================
navigating to "https://opensource-demo.orangehrmlive.com/web/index.php/auth/login", waiting until "networkidle"
============================================================
  name='TimeoutError
  stack='TimeoutError: Timeout 30000ms exceeded.
=========================== logs ===========================
navigating to "https://opensource-demo.orangehrmlive.com/web/index.php/auth/login", waiting until "networkidle"
============================================================
    at ProgressController.run (C:\Users\USER\AppData\Local\Temp\playwright-java-15041017842603725125\package\lib\server\progress.js:96:26)
    at Frame.goto (C:\Users\USER\AppData\Local\Temp\playwright-java-15041017842603725125\package\lib\server\frames.js:628:23)
    at FrameDispatcher.goto (C:\Users\USER\AppData\Local\Temp\playwright-java-15041017842603725125\package\lib\dispatchers\frameDispatcher.js:79:77)
    at DispatcherConnection.dispatch (C:\Users\USER\AppData\Local\Temp\playwright-java-15041017842603725125\package\lib\dispatchers\dispatcher.js:352:46)
}
at com.microsoft.playwright.impl.Connection.dispatch(Connection.java:226)
at com.microsoft.playwright.impl.Connection.processOneMessage(Connection.java:208)
at com.microsoft.playwright.impl.ChannelOwner.runUntil(ChannelOwner.java:101)
... 34 more
]]>
            </full-stacktrace>
          </exception> <!-- com.microsoft.playwright.TimeoutError -->
          <reporter-output>
          </reporter-output>
        </test-method> <!-- verifyViewEmployeePageHeaderText -->
        <test-method signature="verifyAddEmployeePageURL()[pri:3, instance:com.orangehrm.tests.PIMAddEmployeeTest@1d8bd0de]" started-at="2025-08-22T20:54:35 SAST" name="verifyAddEmployeePageURL" depends-on-groups="Before Add PIM Employee" finished-at="2025-08-22T20:54:35 SAST" duration-ms="1" status="SKIP">
          <exception class="java.lang.Throwable">
            <message>
              <![CDATA[Method PIMAddEmployeeTest.verifyAddEmployeePageURL()[pri:3, instance:com.orangehrm.tests.PIMAddEmployeeTest@1d8bd0de] depends on not successfully finished methods in group "Before Add PIM Employee"]]>
            </message>
            <full-stacktrace>
              <![CDATA[java.lang.Throwable: Method PIMAddEmployeeTest.verifyAddEmployeePageURL()[pri:3, instance:com.orangehrm.tests.PIMAddEmployeeTest@1d8bd0de] depends on not successfully finished methods in group "Before Add PIM Employee"
at org.testng.internal.invokers.TestInvoker.invokeTestMethods(TestInvoker.java:149)
at org.testng.internal.invokers.TestMethodWorker.invokeTestMethods(TestMethodWorker.java:146)
at org.testng.internal.invokers.TestMethodWorker.run(TestMethodWorker.java:128)
at java.base/java.util.ArrayList.forEach(ArrayList.java:1596)
at org.testng.TestRunner.privateRun(TestRunner.java:808)
at org.testng.TestRunner.run(TestRunner.java:603)
at org.testng.SuiteRunner.runTest(SuiteRunner.java:429)
at org.testng.SuiteRunner.runSequentially(SuiteRunner.java:423)
at org.testng.SuiteRunner.privateRun(SuiteRunner.java:383)
at org.testng.SuiteRunner.run(SuiteRunner.java:326)
at org.testng.SuiteRunnerWorker.runSuite(SuiteRunnerWorker.java:52)
at org.testng.SuiteRunnerWorker.run(SuiteRunnerWorker.java:95)
at org.testng.TestNG.runSuitesSequentially(TestNG.java:1249)
at org.testng.TestNG.runSuitesLocally(TestNG.java:1169)
at org.testng.TestNG.runSuites(TestNG.java:1092)
at org.testng.TestNG.run(TestNG.java:1060)
at org.testng.remote.AbstractRemoteTestNG.run(AbstractRemoteTestNG.java:115)
at org.testng.remote.RemoteTestNG.initAndRun(RemoteTestNG.java:293)
at org.testng.remote.RemoteTestNG.main(RemoteTestNG.java:91)
]]>
            </full-stacktrace>
          </exception> <!-- java.lang.Throwable -->
          <reporter-output>
          </reporter-output>
        </test-method> <!-- verifyAddEmployeePageURL -->
        <test-method signature="verifyAddEmployeeHeaderText()[pri:4, instance:com.orangehrm.tests.PIMAddEmployeeTest@1d8bd0de]" started-at="2025-08-22T20:54:35 SAST" name="verifyAddEmployeeHeaderText" depends-on-groups="Before Add PIM Employee" finished-at="2025-08-22T20:54:35 SAST" duration-ms="5" status="SKIP">
          <exception class="java.lang.Throwable">
            <message>
              <![CDATA[Method PIMAddEmployeeTest.verifyAddEmployeeHeaderText()[pri:4, instance:com.orangehrm.tests.PIMAddEmployeeTest@1d8bd0de] depends on not successfully finished methods in group "Before Add PIM Employee"]]>
            </message>
            <full-stacktrace>
              <![CDATA[java.lang.Throwable: Method PIMAddEmployeeTest.verifyAddEmployeeHeaderText()[pri:4, instance:com.orangehrm.tests.PIMAddEmployeeTest@1d8bd0de] depends on not successfully finished methods in group "Before Add PIM Employee"
at org.testng.internal.invokers.TestInvoker.invokeTestMethods(TestInvoker.java:149)
at org.testng.internal.invokers.TestMethodWorker.invokeTestMethods(TestMethodWorker.java:146)
at org.testng.internal.invokers.TestMethodWorker.run(TestMethodWorker.java:128)
at java.base/java.util.ArrayList.forEach(ArrayList.java:1596)
at org.testng.TestRunner.privateRun(TestRunner.java:808)
at org.testng.TestRunner.run(TestRunner.java:603)
at org.testng.SuiteRunner.runTest(SuiteRunner.java:429)
at org.testng.SuiteRunner.runSequentially(SuiteRunner.java:423)
at org.testng.SuiteRunner.privateRun(SuiteRunner.java:383)
at org.testng.SuiteRunner.run(SuiteRunner.java:326)
at org.testng.SuiteRunnerWorker.runSuite(SuiteRunnerWorker.java:52)
at org.testng.SuiteRunnerWorker.run(SuiteRunnerWorker.java:95)
at org.testng.TestNG.runSuitesSequentially(TestNG.java:1249)
at org.testng.TestNG.runSuitesLocally(TestNG.java:1169)
at org.testng.TestNG.runSuites(TestNG.java:1092)
at org.testng.TestNG.run(TestNG.java:1060)
at org.testng.remote.AbstractRemoteTestNG.run(AbstractRemoteTestNG.java:115)
at org.testng.remote.RemoteTestNG.initAndRun(RemoteTestNG.java:293)
at org.testng.remote.RemoteTestNG.main(RemoteTestNG.java:91)
]]>
            </full-stacktrace>
          </exception> <!-- java.lang.Throwable -->
          <reporter-output>
          </reporter-output>
        </test-method> <!-- verifyAddEmployeeHeaderText -->
        <test-method signature="verifyAddedEmployeeHeaderText()[pri:5, instance:com.orangehrm.tests.PIMAddEmployeeTest@1d8bd0de]" started-at="2025-08-22T20:54:35 SAST" name="verifyAddedEmployeeHeaderText" depends-on-groups="Click Add Button" finished-at="2025-08-22T20:54:35 SAST" duration-ms="0" status="SKIP">
          <exception class="java.lang.Throwable">
            <message>
              <![CDATA[Method PIMAddEmployeeTest.verifyAddedEmployeeHeaderText()[pri:5, instance:com.orangehrm.tests.PIMAddEmployeeTest@1d8bd0de] depends on not successfully finished methods in group "Click Add Button"]]>
            </message>
            <full-stacktrace>
              <![CDATA[java.lang.Throwable: Method PIMAddEmployeeTest.verifyAddedEmployeeHeaderText()[pri:5, instance:com.orangehrm.tests.PIMAddEmployeeTest@1d8bd0de] depends on not successfully finished methods in group "Click Add Button"
at org.testng.internal.invokers.TestInvoker.invokeTestMethods(TestInvoker.java:149)
at org.testng.internal.invokers.TestMethodWorker.invokeTestMethods(TestMethodWorker.java:146)
at org.testng.internal.invokers.TestMethodWorker.run(TestMethodWorker.java:128)
at java.base/java.util.ArrayList.forEach(ArrayList.java:1596)
at org.testng.TestRunner.privateRun(TestRunner.java:808)
at org.testng.TestRunner.run(TestRunner.java:603)
at org.testng.SuiteRunner.runTest(SuiteRunner.java:429)
at org.testng.SuiteRunner.runSequentially(SuiteRunner.java:423)
at org.testng.SuiteRunner.privateRun(SuiteRunner.java:383)
at org.testng.SuiteRunner.run(SuiteRunner.java:326)
at org.testng.SuiteRunnerWorker.runSuite(SuiteRunnerWorker.java:52)
at org.testng.SuiteRunnerWorker.run(SuiteRunnerWorker.java:95)
at org.testng.TestNG.runSuitesSequentially(TestNG.java:1249)
at org.testng.TestNG.runSuitesLocally(TestNG.java:1169)
at org.testng.TestNG.runSuites(TestNG.java:1092)
at org.testng.TestNG.run(TestNG.java:1060)
at org.testng.remote.AbstractRemoteTestNG.run(AbstractRemoteTestNG.java:115)
at org.testng.remote.RemoteTestNG.initAndRun(RemoteTestNG.java:293)
at org.testng.remote.RemoteTestNG.main(RemoteTestNG.java:91)
]]>
            </full-stacktrace>
          </exception> <!-- java.lang.Throwable -->
          <reporter-output>
          </reporter-output>
        </test-method> <!-- verifyAddedEmployeeHeaderText -->
      </class> <!-- com.orangehrm.tests.PIMAddEmployeeTest -->
    </test> <!-- Default test -->
  </suite> <!-- Default suite -->
</testng-results>
